A51 MACRO ASSEMBLER  CAFETERA                                                             12/16/2021 17:30:15 PAGE     1


MACRO ASSEMBLER A51 V6.14
NO OBJECT MODULE REQUESTED
ASSEMBLER INVOKED BY: C:\Keil\C51\BIN\A51.EXE .\Cafetera.a SET(SMALL) DEBUG EP

LOC  OBJ            LINE     SOURCE

                       1     ;********************************************** VARIABLES GLOBALES
  REG                  2     ESTADO          EQU     R7
  REG                  3     EVENTO          EQU     R6
  0080                 4     DISPLAY1        EQU     P0
  00A0                 5     DISPLAY2        EQU     P2
                       6     ;********************************************** VARIABLES CAFE
  0023                 7     BEBIDA_SELEC    EQU     0X23
  00B2                 8     SERVIR_CAFE     EQU     P3.2
                       9     SERVIR_DESCAFE  EQU     P3,7
*** ___________________________________________________^
*** ERROR #A9 IN 9 (.\Cafetera.a, LINE 9): SYNTAX ERROR
                      10     ;********************************************** VARIABLES ESPERA
  0090                11     M_05            EQU     P1.0
  0091                12     M_10            EQU     P1.1
  0092                13     M_20            EQU     P1.2
  0022                14     MONEDERO        EQU     0X22
  0095                15     SEL_0           EQU     P1.5
  0096                16     SEL_1           EQU     P1.6
  0097                17     SEL_2           EQU     P1.7
  0024                18     PREC_LECHE      EQU     0x24
  0025                19     PREC_CORTADO    EQU     0x25
  0026                20     PREC_SOLO       EQU     0x26
                      21     ;********************************************** VARIABLES VASO
  00B1                22     P_HAY_VASO      EQU     P3.1
  0093                23     SN_PONER_VASO   EQU     P1.3
  0000                24     NO_ESTA_VASO    EQU     0X20.0
                      25     ;********************************************** VARIABLES PESO
  0038                26     NO_SELEC_GRANO  EQU     0X27.0
                      27     ;********************************************** VARIABLES MOLER
                      28     
                      29     ;********************************************** VARIABLES AGUA
  00B0                30     P_LLENO_AGUA    EQU     P3.0
  0087                31     P_LLENAR_AGUA   EQU     P0.7
  0008                32     ESTA_VACIO      EQU     0X21.0
                      33     ;********************************************** VARIABLES CALENTAR
                      34     ;********************************************** VARIABLES SERVIR
                      35     ;********************************************** VARIABLES LECHE
                      36     ;********************************************** VARIABLES FIN
                      37     ;********************************************** VARIABLES TIMER
  0030                38     CONT0           EQU     0X30
  0031                39     CONT1           EQU     0X31
  0032                40     CONT2           EQU     0X32
                      41     TIMER_FLAG      EQU     0X33.0
*** _________________________________________________^
*** ERROR #A17 IN 41 (.\Cafetera.a, LINE 41): INVALID BYTE BASE IN BIT ADDRESS EXPRESSION
                      42     ;********************************************** VARIABLES ADC
                      43     ADC0            EQU     P5.0
*** _________________________________________________^
*** ERROR #A17 IN 43 (.\Cafetera.a, LINE 43): INVALID BYTE BASE IN BIT ADDRESS EXPRESSION
                      44     ADC             EQU     P5.1
*** _________________________________________________^
*** ERROR #A17 IN 44 (.\Cafetera.a, LINE 44): INVALID BYTE BASE IN BIT ADDRESS EXPRESSION
  00C6                45     ADCH            EQU     0xC6    
                      46     ;********************************************** VARIABLES PWM
                      47     
                      48     
                      49     ;********************************************** MAIN, LOOP & INIT
0000                  50     ORG 0x00
A51 MACRO ASSEMBLER  CAFETERA                                                             12/16/2021 17:30:15 PAGE     2

0000 017B             51             AJMP MAIN
                      52     
                      53     ;INTERRUPCIONES
000B                  54     ORG 0x0B
000B 31BA             55             ACALL SUB_TMR
000D 32               56             RETI
                      57     
0053                  58     ORG 0x53 
0053 31BB             59             ACALL SUB_ADC
0055 32               60             RETI
                      61     ;PROGRAMA PRINCIPAL
007B                  62     ORG 0x7B
007B                  63     MAIN:
007B 1181             64             ACALL INIT
                      65     
007D                  66     LOOP:
007D 11A2             67             ACALL MAQ_EST
007F 017D             68             AJMP LOOP
                      69     
0081                  70     INIT:
0081 7F00             71             MOV ESTADO,#0X00
0083 7E00             72             MOV EVENTO,#0X00
                      73             ;INIT ESTADO 0
0085 C290             74             CLR M_05
0087 C291             75             CLR M_10
0089 C292             76             CLR M_20
008B C222             77             CLR MONEDERO
008D C295             78             CLR SEL_0
008F C296             79             CLR SEL_1
0091 C297             80             CLR SEL_2
                      81             ;INIT ESTADO 1
0093 C2B1             82             CLR P_HAY_VASO          ;SOLO PARA PROBAR
0095 C293             83             CLR SN_PONER_VASO
0097 D200             84             SETB NO_ESTA_VASO       ;SOLO PARA LA PRIMERA VUELTA
                      85             ;INIT ESTADO 2
0099 D238             86             SETB NO_SELEC_GRANO             ;SOLO PARA LA PRIMERA VUELTA
                      87             ;INIT ESTADO 4
009B C2B0             88             CLR P_LLENO_AGUA        ;SOLO PARA PROBAR
009D C287             89             CLR P_LLENAR_AGUA
009F D208             90             SETB ESTA_VACIO         ;SOLO PARA LA PRIMERA VUELTA
                      91             
00A1 22               92             RET
                      93     
                      94     ;********************************************** MAQUINA DE ESTADOS
00A2                  95     MAQ_EST:
00A2 EF               96             MOV A, ESTADO
00A3 23               97             RL A
00A4 9000A8           98             MOV DPTR, #TABLA_ESTADOS
00A7 73               99             JMP @A+DPTR
00A8                 100     TABLA_ESTADOS:
00A8 01BA            101             AJMP ESPERA             ;#0X00
00AA 213F            102             AJMP PONER_VASO         ;#0X01
00AC 2169            103             AJMP PESAR_CAFE         ;#0X02
00AE 2184            104             AJMP MOLER_CAFE         ;#0X03
00B0 2192            105             AJMP ECHAR_AGUA         ;#0X04
00B2 21BA            106             AJMP CALENTAR_AGUA      ;#0X05
00B4 0100            107             AJMP SERVIR_CAFE        ;#0X06
*** ______________________________________^
*** ERROR #A46 IN 107 (.\Cafetera.a, LINE 107): CODE-ADDRESS EXPECTED
00B6 21BA            108             AJMP ECHAR_LECHE        ;#0X07
00B8 21BA            109             AJMP FIN                ;#0X08  
                     110     
                     111     
                     112     ;********************************************** ESTADO 0: ESPERA
00BA                 113     ESPERA:
00BA 11C2            114             ACALL E0_GENERADOR_EVENTOS
A51 MACRO ASSEMBLER  CAFETERA                                                             12/16/2021 17:30:15 PAGE     3

00BC EE              115             MOV A, EVENTO
00BD 23              116             RL A
00BE 90011E          117             MOV DPTR, #TABLA_E0_EVENTOS
00C1 73              118             JMP @A+DPTR
                     119     
00C2                 120     E0_GENERADOR_EVENTOS:
                     121             ;Se introducen monedas?
00C2 20901C          122             JB M_05, E0_SUMA_05     ;Genera evento 1
00C5 209125          123             JB M_10, E0_SUMA_10     ;Genera evento 1
00C8 20922E          124             JB M_20, E0_SUMA_20     ;Genera evento 1
                     125     
                     126             ;Se ha seleccionado bebida?
00CB E590            127             MOV A,P1
00CD 03              128             RR A
00CE 03              129             RR A
00CF 03              130             RR A
00D0 03              131             RR A
00D1 03              132             RR A
00D2 5407            133             ANL A,#00000111b
00D4 F5F0            134             MOV B, A
00D6 602D            135             JZ NO_SELEC     ;Genera Evento 0
                     136             
                     137             ;Hay suficiente dinero?
00D8 3108            138             ACALL SEL_PREC_BEBIDA
00DA C3              139             CLR C
00DB B52235          140             CJNE A, MONEDERO,COMPARACION    ;Genera evento 2 o 3
00DE 503B            141             JNC DINERO_SUFIC                ;Genera evento 3
00E0 22              142             RET
                     143     
00E1                 144     E0_SUMA_05:
00E1 C290            145             CLR M_05
00E3 E4              146             CLR A
00E4 E522            147             MOV A,MONEDERO
00E6 2405            148             ADD A,#5
00E8 F522            149             MOV MONEDERO, A
00EA 7E01            150             MOV EVENTO, #0X01
00EC 22              151             RET
                     152     
00ED                 153     E0_SUMA_10:
00ED C291            154             CLR M_10
00EF E4              155             CLR A
00F0 E522            156             MOV A, MONEDERO
00F2 240A            157             ADD A,#10
00F4 F522            158             MOV MONEDERO, A
00F6 7E01            159             MOV EVENTO, #0X01
00F8 22              160             RET
                     161     
00F9                 162     E0_SUMA_20:
00F9 C292            163             CLR M_20
00FB E4              164             CLR A
00FC E522            165             MOV A,MONEDERO
00FE 2414            166             ADD A,#20
0100 F522            167             MOV MONEDERO, A
0102 7E01            168             MOV EVENTO, #0X01
0104 22              169             RET
                     170     
0105                 171     NO_SELEC:
0105 7E00            172             MOV EVENTO, #0X00
0107 22              173             RET
                     174     
0108                 175     SEL_PREC_BEBIDA:        ;Guarda en el acumulador el precio de la bebida
0108 04              176             INC A
0109 83              177             MOVC A, @A+PC
010A 22              178             RET
010B 00              179             DB 0H
010C 28              180             DB 28H
A51 MACRO ASSEMBLER  CAFETERA                                                             12/16/2021 17:30:15 PAGE     4

010D 23              181             DB 23H
010E 1E              182             DB 1EH
010F 00              183             DB 0H
0110 28              184             DB 28H
0111 23              185             DB 23H
0112 1E              186             DB 1EH
                     187     
0113                 188     COMPARACION:
0113 5003            189             JNC DINERO_NO_SUFIC     ;Genera evento 2
0115 211B            190             AJMP DINERO_SUFIC       ;Genera evento 3
0117 22              191             RET
                     192     
0118                 193     DINERO_NO_SUFIC:
0118 7E02            194             MOV EVENTO, #0X02
011A 22              195             RET
                     196     
011B                 197     DINERO_SUFIC:
011B 7E03            198             MOV EVENTO, #0X03
                     199             ;GUARDAR DATOS BEBIDA
011D 22              200             RET
                     201     
011E                 202     TABLA_E0_EVENTOS:
011E 2126            203             AJMP E0_EVENTO_0        ; Evento vacio
0120 2127            204             AJMP E0_EVENTO_1        ; Evento moneda introducida, actualizar display
0122 212A            205             AJMP E0_EVENTO_2        ; Bebida seleccionada pero dinero insuficiente
0124 2133            206             AJMP E0_EVENTO_3        ; Bebida seleccionada dinero suficiente
                     207     
0126                 208     E0_EVENTO_0:
0126 22              209             RET
                     210     
0127                 211     E0_EVENTO_1:
                     212             ;ACTUALIZAR EL DISPLAY CON VALOR DE MONEDERO
0127 7E00            213             MOV EVENTO,#0x00
0129 22              214             RET
                     215     
012A                 216     E0_EVENTO_2:
                     217             ;VALOR NO SUFICIENTE
                     218             ;DISPLAY
012A C295            219             CLR SEL_0
012C C296            220             CLR SEL_1
012E C297            221             CLR SEL_2
0130 7E00            222             MOV EVENTO, #0x00
0132 22              223             RET
                     224     
0133                 225     E0_EVENTO_3:
0133 7F01            226             MOV ESTADO, #0x01
0135 7E00            227             MOV EVENTO, #0X00
0137 85F023          228             MOV BEBIDA_SELEC,B
013A C293            229             CLR SN_PONER_VASO
013C D200            230             SETB NO_ESTA_VASO
013E 22              231             RET
                     232     ;********************************************** ESTADO 1: PONER_VASO
013F                 233     PONER_VASO:
013F 3147            234             ACALL E1_GENERADOR_EVENTOS
0141 EE              235             MOV A, EVENTO
0142 23              236             RL A
0143 900158          237             MOV DPTR, #TABLA_E1_EVENTOS
0146 73              238             JMP @A+DPTR
                     239     
0147                 240     E1_GENERADOR_EVENTOS:
0147 20B10B          241             JB P_HAY_VASO, E1_PASAR_SIG_ESTADO
014A 200003          242             JB NO_ESTA_VASO, E1_PONER_VASO
014D 7E00            243             MOV EVENTO, #0X00
014F 22              244             RET
                     245     
0150                 246     E1_PONER_VASO:
A51 MACRO ASSEMBLER  CAFETERA                                                             12/16/2021 17:30:15 PAGE     5

0150 7E02            247             MOV EVENTO, #0X02
0152 C200            248             CLR NO_ESTA_VASO
0154 22              249             RET
                     250     
0155                 251     E1_PASAR_SIG_ESTADO:
0155 7E01            252             MOV EVENTO, #0X01
0157 22              253             RET
                     254     
0158                 255     TABLA_E1_EVENTOS:
0158 215E            256             AJMP E1_EVENTO_0
015A 215F            257             AJMP E1_EVENTO_1
015C 2166            258             AJMP E1_EVENTO_2
                     259     
015E                 260     E1_EVENTO_0:
015E 22              261             RET
                     262     
015F                 263     E1_EVENTO_1:
015F 7F02            264             MOV ESTADO, #0X02
0161 C293            265             CLR SN_PONER_VASO
                     266             ;ENCENDER PESADO
0163 21BE            267             AJMP ADC_SETUP
0165 22              268             RET
                     269     
                     270             
0166                 271     E1_EVENTO_2:
0166 D293            272             SETB SN_PONER_VASO
0168 22              273             RET
                     274     
                     275     ;********************************************** ESTADO 2: PESAR CAFE
0169                 276     PESAR_CAFE:
0169 3171            277             ACALL E2_GENERADOR_EVENTOS
016B EE              278             MOV A, EVENTO
016C 23              279             RL A
016D 900181          280             MOV DPTR, #TABLA_E2_EVENTOS
0170 73              281             JMP @A+DPTR
                     282     
0171                 283     E2_GENERADOR_EVENTOS:
0171 303800          284             JNB NO_SELEC_GRANO, SELEC_GRANO
                     285     
0174                 286     SELEC_GRANO:
0174 C238            287             CLR NO_SELEC_GRANO
0176 E523            288             MOV A, BEBIDA_SELEC
0178 5404            289             ANL A, #00000100b
017A 6003            290             JZ CAFE
017C 2180            291             AJMP DESCAFE
017E 22              292             RET
                     293     
017F                 294     CAFE:           ;ACTIVA EL ADC PARA ECHAR CAFE
017F 22              295             RET
0180                 296     DESCAFE:        ;ACTIVA EL ADC PARA ECHAR DESCAFE
0180 22              297             RET
                     298     
0181                 299     TABLA_E2_EVENTOS:
0181 2183            300             AJMP E2_EVENTO_0
                     301     
0183                 302     E2_EVENTO_0:    ;Estado vacio
0183 22              303             RET
                     304     
0184                 305     E2_EVENTO_1:    ;SE ECHA CAFE O DESCAFE?
                     306             
                     307     
0184                 308     E2_EVENTO_2:    ;Se ha echado el cafe o descafe necesario
                     309     
                     310             
                     311     ;********************************************** ESTADO 3: MOLER CAFE
0184                 312     MOLER_CAFE:
A51 MACRO ASSEMBLER  CAFETERA                                                             12/16/2021 17:30:15 PAGE     6

0184 318C            313             ACALL E3_GENERADOR_EVENTOS
0186 EE              314             MOV A, EVENTO
0187 23              315             RL A
0188 90018C          316             MOV DPTR, #TABLA_E3_EVENTOS
018B 73              317             JMP @A+DPTR
                     318     
018C                 319     E3_GENERADOR_EVENTOS:
                     320             
                     321     
018C                 322     TABLA_E3_EVENTOS:
018C 2190            323             AJMP E3_EVENTO_0
018E 2191            324             AJMP E3_EVENTO_1
                     325     
0190                 326     E3_EVENTO_0:    ;EVENTO VACIO
0190 22              327             RET
                     328     
0191                 329     E3_EVENTO_1:
0191 22              330             RET
                     331     
                     332     ;********************************************** ESTADO 4: ECHAR AGUA
0192                 333     ECHAR_AGUA:
0192 31A0            334             ACALL E4_GENERADOR_EVENTOS
0194 EE              335             MOV A, EVENTO
0195 23              336             RL A
0196 90019A          337             MOV DPTR, #TABLA_E4_EVENTOS
0199 73              338             JMP @A+DPTR
                     339     
019A                 340     TABLA_E4_EVENTOS:
019A 21B1            341             AJMP E4_EVENTO_0
019C 21B2            342             AJMP E4_EVENTO_1
019E 21B7            343             AJMP E4_EVENTO_2
                     344     
01A0                 345     E4_GENERADOR_EVENTOS:
01A0 20B00B          346             JB P_LLENO_AGUA, E4_PASAR_SIG_ESTADO    ;P_LLENO_AGUA SE PONDRA A 1 MEDIANTE INTERR
                             UPCION DEL TIMER
01A3 200803          347             JB ESTA_VACIO, E4_ECHAR_AGUA
01A6 7E00            348             MOV EVENTO, #0X00
01A8 22              349             RET
                     350     
01A9                 351     E4_ECHAR_AGUA:
01A9 7E02            352             MOV EVENTO, #0X02
01AB C208            353             CLR ESTA_VACIO
01AD 22              354             RET
                     355     
01AE                 356     E4_PASAR_SIG_ESTADO:
01AE 7E05            357             MOV EVENTO, #0X05
01B0 22              358             RET
                     359     
01B1                 360     E4_EVENTO_0:
01B1 22              361             RET
                     362     
01B2                 363     E4_EVENTO_1:
01B2 7F05            364             MOV ESTADO, #0X05
01B4 C287            365             CLR P_LLENAR_AGUA
                     366             ;PRECONDICIONES PROXIMO ESTADO
01B6 22              367             RET
                     368     
01B7                 369     E4_EVENTO_2:
01B7 D287            370             SETB P_LLENAR_AGUA
01B9 22              371             RET
                     372     ;********************************************** ESTADO 5: CALENTAR AGUA
01BA                 373     CALENTAR_AGUA:
                     374     ;********************************************** ESTADO 6: SERVIR CAFE
00B2                 375     SERVIR_CAFE:
*** _________________________^
*** ERROR #A8 IN 375 (.\Cafetera.a, LINE 375): ATTEMPT TO DEFINE AN ALREADY DEFINED LABEL
A51 MACRO ASSEMBLER  CAFETERA                                                             12/16/2021 17:30:15 PAGE     7

                     376     ;********************************************** ESTADO 7: ECHAR LECHE
01BA                 377     ECHAR_LECHE:
                     378     ;********************************************** ESTADO 8: FIN
01BA                 379     FIN:
                     380     ;********************************************** INTERRUPCIONES
01BA                 381     SUB_TMR:
01BA 22              382             RET
                     383     
01BB                 384     SUB_ADC:
01BB 3169            385             ACALL PESAR_CAFE
01BD 22              386             RET
                     387     
01BE                 388     ADC_SETUP:
01BE D2AE            389             SETB 0xA8.6 ;Activa la interrupcion del ADC
01C0 53C5F8          390             ANL 0xC5, #11111000b
01C3 43C508          391             ORL 0xC5, #00001000b
                     392     
01C6                 393     TIMER_SETUP:
01C6                 394             ORL TMOD #00000001b
*** __________________________________________^
*** ERROR #A9 IN 394 (.\Cafetera.a, LINE 394): SYNTAX ERROR
                     395             ;?
01C9 758CF8          396             MOV TH0, #0XF8
01CC 758A30          397             MOV TL0, #0X30
01CF D2A9            398             SETB 0Xa8.1
01D1                 399             SETB TCOM.4
*** ______________________________________^
*** ERROR #A17 IN 399 (.\Cafetera.a, LINE 399): INVALID BYTE BASE IN BIT ADDRESS EXPRESSION
01D1 753000          400             MOV CONT0, #0
01D4 753100          401             MOV CONT1, #0
01D7 753200          402             MOV CONT2, #0
                     403             
01DA                 404     PWM_SETUP:
01DA                 405             MOV PWMP, #0X01
*** _____________________________________^
*** ERROR #A45 IN 405 (.\Cafetera.a, LINE 405): UNDEFINED SYMBOL (PASS-2)
01DD                 406             MOV PWM0, #0XB3
*** _____________________________________^
*** ERROR #A45 IN 406 (.\Cafetera.a, LINE 406): UNDEFINED SYMBOL (PASS-2)
                     407     ;**********************************************FIN
                     408     END
                             
                             
                             
A51 MACRO ASSEMBLER  CAFETERA                                                             12/16/2021 17:30:15 PAGE     8

SYMBOL TABLE LISTING
------ ----- -------


N A M E               T Y P E  V A L U E   ATTRIBUTES

ADC. . . . . . . . .  B ADDR   0020H.1 A   
ADC0 . . . . . . . .  B ADDR   0020H.0 A   
ADCH . . . . . . . .  N NUMB   00C6H   A   
ADC_SETUP. . . . . .  C ADDR   01BEH   A   
B. . . . . . . . . .  D ADDR   00F0H   A   
BEBIDA_SELEC . . . .  N NUMB   0023H   A   
CAFE . . . . . . . .  C ADDR   017FH   A   
CALENTAR_AGUA. . . .  C ADDR   01BAH   A   
COMPARACION. . . . .  C ADDR   0113H   A   
CONT0. . . . . . . .  N NUMB   0030H   A   
CONT1. . . . . . . .  N NUMB   0031H   A   
CONT2. . . . . . . .  N NUMB   0032H   A   
DESCAFE. . . . . . .  C ADDR   0180H   A   
DINERO_NO_SUFIC. . .  C ADDR   0118H   A   
DINERO_SUFIC . . . .  C ADDR   011BH   A   
DISPLAY1 . . . . . .  D ADDR   0080H   A   
DISPLAY2 . . . . . .  D ADDR   00A0H   A   
E0_EVENTO_0. . . . .  C ADDR   0126H   A   
E0_EVENTO_1. . . . .  C ADDR   0127H   A   
E0_EVENTO_2. . . . .  C ADDR   012AH   A   
E0_EVENTO_3. . . . .  C ADDR   0133H   A   
E0_GENERADOR_EVENTOS  C ADDR   00C2H   A   
E0_SUMA_05 . . . . .  C ADDR   00E1H   A   
E0_SUMA_10 . . . . .  C ADDR   00EDH   A   
E0_SUMA_20 . . . . .  C ADDR   00F9H   A   
E1_EVENTO_0. . . . .  C ADDR   015EH   A   
E1_EVENTO_1. . . . .  C ADDR   015FH   A   
E1_EVENTO_2. . . . .  C ADDR   0166H   A   
E1_GENERADOR_EVENTOS  C ADDR   0147H   A   
E1_PASAR_SIG_ESTADO.  C ADDR   0155H   A   
E1_PONER_VASO. . . .  C ADDR   0150H   A   
E2_EVENTO_0. . . . .  C ADDR   0183H   A   
E2_EVENTO_1. . . . .  C ADDR   0184H   A   
E2_EVENTO_2. . . . .  C ADDR   0184H   A   
E2_GENERADOR_EVENTOS  C ADDR   0171H   A   
E3_EVENTO_0. . . . .  C ADDR   0190H   A   
E3_EVENTO_1. . . . .  C ADDR   0191H   A   
E3_GENERADOR_EVENTOS  C ADDR   018CH   A   
E4_ECHAR_AGUA. . . .  C ADDR   01A9H   A   
E4_EVENTO_0. . . . .  C ADDR   01B1H   A   
E4_EVENTO_1. . . . .  C ADDR   01B2H   A   
E4_EVENTO_2. . . . .  C ADDR   01B7H   A   
E4_GENERADOR_EVENTOS  C ADDR   01A0H   A   
E4_PASAR_SIG_ESTADO.  C ADDR   01AEH   A   
ECHAR_AGUA . . . . .  C ADDR   0192H   A   
ECHAR_LECHE. . . . .  C ADDR   01BAH   A   
ESPERA . . . . . . .  C ADDR   00BAH   A   
ESTADO . . . . . . .    REG    R7          
ESTA_VACIO . . . . .  B ADDR   0021H.0 A   
EVENTO . . . . . . .    REG    R6          
FIN. . . . . . . . .  C ADDR   01BAH   A   
INIT . . . . . . . .  C ADDR   0081H   A   
LOOP . . . . . . . .  C ADDR   007DH   A   
MAIN . . . . . . . .  C ADDR   007BH   A   
MAQ_EST. . . . . . .  C ADDR   00A2H   A   
MOLER_CAFE . . . . .  C ADDR   0184H   A   
MONEDERO . . . . . .  N NUMB   0022H   A   
M_05 . . . . . . . .  B ADDR   0090H.0 A   
M_10 . . . . . . . .  B ADDR   0090H.1 A   
M_20 . . . . . . . .  B ADDR   0090H.2 A   
A51 MACRO ASSEMBLER  CAFETERA                                                             12/16/2021 17:30:15 PAGE     9

NO_ESTA_VASO . . . .  B ADDR   0020H.0 A   
NO_SELEC . . . . . .  C ADDR   0105H   A   
NO_SELEC_GRANO . . .  B ADDR   0027H.0 A   
P0 . . . . . . . . .  D ADDR   0080H   A   
P1 . . . . . . . . .  D ADDR   0090H   A   
P2 . . . . . . . . .  D ADDR   00A0H   A   
P3 . . . . . . . . .  D ADDR   00B0H   A   
P5 . . . . . . . . .    ----   -----       
PESAR_CAFE . . . . .  C ADDR   0169H   A   
PONER_VASO . . . . .  C ADDR   013FH   A   
PREC_CORTADO . . . .  N NUMB   0025H   A   
PREC_LECHE . . . . .  N NUMB   0024H   A   
PREC_SOLO. . . . . .  N NUMB   0026H   A   
PWM0 . . . . . . . .    ----   -----       
PWMP . . . . . . . .    ----   -----       
PWM_SETUP. . . . . .  C ADDR   01DAH   A   
P_HAY_VASO . . . . .  B ADDR   00B0H.1 A   
P_LLENAR_AGUA. . . .  B ADDR   0080H.7 A   
P_LLENO_AGUA . . . .  B ADDR   00B0H.0 A   
SELEC_GRANO. . . . .  C ADDR   0174H   A   
SEL_0. . . . . . . .  B ADDR   0090H.5 A   
SEL_1. . . . . . . .  B ADDR   0090H.6 A   
SEL_2. . . . . . . .  B ADDR   0090H.7 A   
SEL_PREC_BEBIDA. . .  C ADDR   0108H   A   
SERVIR_CAFE. . . . .  B ADDR   00B0H.2 A   
SERVIR_DESCAFE . . .  D ADDR   00B0H   A   
SN_PONER_VASO. . . .  B ADDR   0090H.3 A   
SUB_ADC. . . . . . .  C ADDR   01BBH   A   
SUB_TMR. . . . . . .  C ADDR   01BAH   A   
TABLA_E0_EVENTOS . .  C ADDR   011EH   A   
TABLA_E1_EVENTOS . .  C ADDR   0158H   A   
TABLA_E2_EVENTOS . .  C ADDR   0181H   A   
TABLA_E3_EVENTOS . .  C ADDR   018CH   A   
TABLA_E4_EVENTOS . .  C ADDR   019AH   A   
TABLA_ESTADOS. . . .  C ADDR   00A8H   A   
TCOM . . . . . . . .    ----   -----       
TH0. . . . . . . . .  D ADDR   008CH   A   
TIMER_FLAG . . . . .    ----   -----       
TIMER_SETUP. . . . .  C ADDR   01C6H   A   
TL0. . . . . . . . .  D ADDR   008AH   A   
TMOD . . . . . . . .  D ADDR   0089H   A   


REGISTER BANK(S) USED: 0 


ASSEMBLY COMPLETE.  0 WARNING(S), 10 ERROR(S)
